<?xml version="1.0" encoding="UTF-8"?>
<testsuite name="src.AppTest" tests="1" skipped="0" failures="0" errors="0" timestamp="2023-08-27T09:20:15" hostname="DESKTOP-OGOJB2N" time="0.005">
  <properties/>
  <testcase name="appHasAGreeting" classname="src.AppTest" time="0.005"/>
  <system-out><![CDATA[]]></system-out>
  <system-err><![CDATA[]]></system-err>
</testsuite>
